Watchdog 2024/03/17 13:10:05 (INFO): using "/Users/filledevoler/Desktop/course_work/backend/tarantool/instances.enabled/create_db/config.yaml" cluster config for instance "instance001"
started
2024-03-17 13:10:05.542 [19071] main/103/interactive I> Tarantool 3.0.1-0-g31c2ddb Darwin-arm64-Release
2024-03-17 13:10:05.543 [19071] main/103/interactive I> log level 5 (INFO)
2024-03-17 13:10:05.543 [19071] main/103/interactive I> wal/engine cleanup is paused
2024-03-17 13:10:05.543 [19071] main/103/interactive I> mapping 268435456 bytes for memtx tuple arena...
2024-03-17 13:10:05.543 [19071] main/103/interactive I> Actual slab_alloc_factor calculated on the basis of desired slab_alloc_factor = 1.044274
2024-03-17 13:10:05.543 [19071] main/103/interactive I> mapping 134217728 bytes for vinyl tuple arena...
2024-03-17 13:10:05.544 [19071] main/103/interactive I> update replication_synchro_quorum = 1
2024-03-17 13:10:05.544 [19071] main/103/interactive I> instance uuid f500c005-d956-42f5-ba74-f04cf6b69c4d
2024-03-17 13:10:05.544 [19071] main/103/interactive I> tx_binary: bound to 127.0.0.1:3301
2024-03-17 13:10:05.544 [19071] main/103/interactive I> initializing an empty data directory
2024-03-17 13:10:05.556 [19071] main/103/interactive I> assigned id 1 to replica f500c005-d956-42f5-ba74-f04cf6b69c4d
2024-03-17 13:10:05.556 [19071] main/103/interactive I> update replication_synchro_quorum = 1
2024-03-17 13:10:05.556 [19071] main/103/interactive I> assigned name instance001 to replica f500c005-d956-42f5-ba74-f04cf6b69c4d
2024-03-17 13:10:05.556 [19071] main/103/interactive I> replicaset uuid 85c2f428-f49d-4493-a50b-bb53efc273e4
2024-03-17 13:10:05.556 [19071] main/103/interactive I> replicaset name: replicaset001
2024-03-17 13:10:05.556 [19071] snapshot/101/main I> saving snapshot `/Users/filledevoler/Desktop/course_work/backend/tarantool/instances.enabled/create_db/var/lib/instance001/00000000000000000000.snap.inprogress'
2024-03-17 13:10:05.556 [19071] snapshot/101/main I> done
2024-03-17 13:10:05.556 [19071] main/103/interactive I> ready to accept requests
2024-03-17 13:10:05.556 [19071] main/105/gc I> wal/engine cleanup is resumed
2024-03-17 13:10:05.556 [19071] main/103/interactive/box.load_cfg I> set 'custom_proc_title' configuration option to "tarantool - instance001"
2024-03-17 13:10:05.556 [19071] main/103/interactive/box.load_cfg I> set 'instance_name' configuration option to "instance001"
2024-03-17 13:10:05.556 [19071] main/103/interactive/box.load_cfg I> set 'log_nonblock' configuration option to false
2024-03-17 13:10:05.556 [19071] main/103/interactive/box.load_cfg I> set 'replicaset_name' configuration option to "replicaset001"
2024-03-17 13:10:05.556 [19071] main/103/interactive/box.load_cfg I> set 'listen' configuration option to [{"uri":"127.0.0.1:3301"}]
2024-03-17 13:10:05.556 [19071] main/103/interactive/box.load_cfg I> set 'metrics' configuration option to {"labels":{"alias":"instance001"},"include":["all"],"exclude":[]}
2024-03-17 13:10:05.556 [19071] main/106/checkpoint_daemon I> scheduled next checkpoint for Sun Mar 17 14:30:10 2024
2024-03-17 13:10:05.557 [19071] main I> entering the event loop
2024-03-17 14:39:21.519 [19071] main/106/checkpoint_daemon I> scheduled next checkpoint for Sun Mar 17 15:30:10 2024
2024-03-17 15:45:55.309 [19071] main/106/checkpoint_daemon I> scheduled next checkpoint for Sun Mar 17 16:30:10 2024
2024-03-17 16:30:10.444 [19071] main/106/checkpoint_daemon I> scheduled next checkpoint for Sun Mar 17 17:30:10 2024
2024-03-17 17:30:10.472 [19071] main/106/checkpoint_daemon I> scheduled next checkpoint for Sun Mar 17 18:30:10 2024
2024-03-17 18:30:10.469 [19071] main/106/checkpoint_daemon I> scheduled next checkpoint for Sun Mar 17 19:30:10 2024
2024-03-17 19:30:10.469 [19071] main/106/checkpoint_daemon I> scheduled next checkpoint for Sun Mar 17 20:30:10 2024
2024-03-17 20:30:10.397 [19071] main/106/checkpoint_daemon I> scheduled next checkpoint for Sun Mar 17 21:30:10 2024
2024-03-17 21:30:10.398 [19071] main/106/checkpoint_daemon I> scheduled next checkpoint for Sun Mar 17 22:30:10 2024
2024-03-17 22:45:21.438 [19071] main/106/checkpoint_daemon I> scheduled next checkpoint for Sun Mar 17 23:30:10 2024
2024-03-17 23:44:54.229 [19071] main/106/checkpoint_daemon I> scheduled next checkpoint for Mon Mar 18 00:30:10 2024
2024-03-18 00:34:34.005 [19071] main/106/checkpoint_daemon I> scheduled next checkpoint for Mon Mar 18 01:30:10 2024
2024-03-18 01:30:18.534 [19071] main/106/checkpoint_daemon I> scheduled next checkpoint for Mon Mar 18 02:30:10 2024
2024-03-18 02:31:36.574 [19071] main/106/checkpoint_daemon I> scheduled next checkpoint for Mon Mar 18 03:30:10 2024
2024-03-18 03:33:14.576 [19071] main/106/checkpoint_daemon I> scheduled next checkpoint for Mon Mar 18 04:30:10 2024
2024-03-18 04:32:56.366 [19071] main/106/checkpoint_daemon I> scheduled next checkpoint for Mon Mar 18 05:30:10 2024
2024-03-18 05:37:20.161 [19071] main/106/checkpoint_daemon I> scheduled next checkpoint for Mon Mar 18 06:30:10 2024
2024-03-18 06:31:01.018 [19071] main/106/checkpoint_daemon I> scheduled next checkpoint for Mon Mar 18 07:30:10 2024
2024-03-18 07:39:25.906 [19071] main/106/checkpoint_daemon I> scheduled next checkpoint for Mon Mar 18 08:30:10 2024
2024-03-18 08:43:36.684 [19071] main/106/checkpoint_daemon I> scheduled next checkpoint for Mon Mar 18 09:30:10 2024
2024-03-18 09:34:42.555 [19071] main/106/checkpoint_daemon I> scheduled next checkpoint for Mon Mar 18 10:30:10 2024
2024-03-18 10:31:25.424 [19071] main/106/checkpoint_daemon I> scheduled next checkpoint for Mon Mar 18 11:30:10 2024
2024-03-18 11:34:37.399 [19071] main/106/checkpoint_daemon I> scheduled next checkpoint for Mon Mar 18 12:30:10 2024
2024-03-18 12:38:48.094 [19071] main/106/checkpoint_daemon I> scheduled next checkpoint for Mon Mar 18 13:30:09 2024
2024-03-18 13:30:09.959 [19071] main/106/checkpoint_daemon I> scheduled next checkpoint for Mon Mar 18 14:30:09 2024
2024-03-18 14:31:19.764 [19071] main/106/checkpoint_daemon I> scheduled next checkpoint for Mon Mar 18 15:30:09 2024
2024-03-18 15:31:15.635 [19071] main/106/checkpoint_daemon I> scheduled next checkpoint for Mon Mar 18 16:30:09 2024
2024-03-18 16:34:31.384 [19071] main/106/checkpoint_daemon I> scheduled next checkpoint for Mon Mar 18 17:30:09 2024
2024-03-18 17:34:24.276 [19071] main/106/checkpoint_daemon I> scheduled next checkpoint for Mon Mar 18 18:30:09 2024
2024-03-18 18:36:36.140 [19071] main/106/checkpoint_daemon I> scheduled next checkpoint for Mon Mar 18 19:30:09 2024
2024-03-18 19:34:50.116 [19071] main/106/checkpoint_daemon I> scheduled next checkpoint for Mon Mar 18 20:30:09 2024
2024-03-18 20:30:21.787 [19071] main/106/checkpoint_daemon I> scheduled next checkpoint for Mon Mar 18 21:30:09 2024
2024-03-18 21:35:12.637 [19071] main/106/checkpoint_daemon I> scheduled next checkpoint for Mon Mar 18 22:30:09 2024
2024-03-18 22:35:20.427 [19071] main/106/checkpoint_daemon I> scheduled next checkpoint for Mon Mar 18 23:30:09 2024
2024-03-18 23:37:12.410 [19071] main/106/checkpoint_daemon I> scheduled next checkpoint for Tue Mar 19 00:30:09 2024
2024-03-19 00:37:08.140 [19071] main/106/checkpoint_daemon I> scheduled next checkpoint for Tue Mar 19 01:30:09 2024
2024-03-19 01:30:14.805 [19071] main/106/checkpoint_daemon I> scheduled next checkpoint for Tue Mar 19 02:30:09 2024
2024-03-19 02:43:10.813 [19071] main/106/checkpoint_daemon I> scheduled next checkpoint for Tue Mar 19 03:30:09 2024
2024-03-19 03:30:27.709 [19071] main/106/checkpoint_daemon I> scheduled next checkpoint for Tue Mar 19 04:30:09 2024
2024-03-19 04:42:02.490 [19071] main/106/checkpoint_daemon I> scheduled next checkpoint for Tue Mar 19 05:30:09 2024
2024-03-19 05:30:57.357 [19071] main/106/checkpoint_daemon I> scheduled next checkpoint for Tue Mar 19 06:30:09 2024
2024-03-19 06:34:46.183 [19071] main/106/checkpoint_daemon I> scheduled next checkpoint for Tue Mar 19 07:30:09 2024
2024-03-19 07:43:52.985 [19071] main/106/checkpoint_daemon I> scheduled next checkpoint for Tue Mar 19 08:30:09 2024
2024-03-19 08:47:13.889 [19071] main/106/checkpoint_daemon I> scheduled next checkpoint for Tue Mar 19 09:30:09 2024
2024-03-19 09:34:50.717 [19071] main/106/checkpoint_daemon I> scheduled next checkpoint for Tue Mar 19 10:30:09 2024
2024-03-19 10:35:21.541 [19071] main/106/checkpoint_daemon I> scheduled next checkpoint for Tue Mar 19 11:30:09 2024
2024-03-19 11:39:34.492 [19071] main/106/checkpoint_daemon I> scheduled next checkpoint for Tue Mar 19 12:30:09 2024
2024-03-19 12:38:19.201 [19071] main/106/checkpoint_daemon I> scheduled next checkpoint for Tue Mar 19 13:30:09 2024
2024-03-19 13:37:31.079 [19071] main/106/checkpoint_daemon I> scheduled next checkpoint for Tue Mar 19 14:30:09 2024
2024-03-19 14:30:09.951 [19071] main/106/checkpoint_daemon I> scheduled next checkpoint for Tue Mar 19 15:30:09 2024
2024-03-19 15:30:09.828 [19071] main/106/checkpoint_daemon I> scheduled next checkpoint for Tue Mar 19 16:30:09 2024
